TN:
SF:config.js
FN:71,isVipFeatureEnabled
FN:78,isUserVip
FN:92,redeemInviteCode
FN:119,getVipStatus
FN:131,syncVipStatus
FN:169,getActiveConfig
FN:205,loadUserSettings
FN:239,getDefaultPetState
FN:253,saveUserSettings
FN:298,getPetState
FN:310,savePetState
FN:324,getSkin
FN:339,setSkin
FN:363,getAvailableSkins
FN:370,(anonymous_14)
FN:371,(anonymous_15)
FN:385,(anonymous_16)
FN:391,(anonymous_17)
FN:415,getDefaultSystemPrompt
FN:460,getModePrompt
FN:486,getAvailablePresets
FN:508,getQuietMode
FN:522,setQuietMode
FNF:23
FNH:0
FNDA:0,isVipFeatureEnabled
FNDA:0,isUserVip
FNDA:0,redeemInviteCode
FNDA:0,getVipStatus
FNDA:0,syncVipStatus
FNDA:0,getActiveConfig
FNDA:0,loadUserSettings
FNDA:0,getDefaultPetState
FNDA:0,saveUserSettings
FNDA:0,getPetState
FNDA:0,savePetState
FNDA:0,getSkin
FNDA:0,setSkin
FNDA:0,getAvailableSkins
FNDA:0,(anonymous_14)
FNDA:0,(anonymous_15)
FNDA:0,(anonymous_16)
FNDA:0,(anonymous_17)
FNDA:0,getDefaultSystemPrompt
FNDA:0,getModePrompt
FNDA:0,getAvailablePresets
FNDA:0,getQuietMode
FNDA:0,setQuietMode
DA:13,0
DA:19,0
DA:32,0
DA:33,0
DA:34,0
DA:39,0
DA:59,0
DA:72,0
DA:79,0
DA:80,0
DA:81,0
DA:82,0
DA:84,0
DA:93,0
DA:95,0
DA:97,0
DA:98,0
DA:99,0
DA:100,0
DA:107,0
DA:109,0
DA:113,0
DA:120,0
DA:121,0
DA:122,0
DA:124,0
DA:132,0
DA:133,0
DA:134,0
DA:136,0
DA:139,0
DA:140,0
DA:143,0
DA:144,0
DA:145,0
DA:146,0
DA:150,0
DA:151,0
DA:158,0
DA:161,0
DA:171,0
DA:173,0
DA:174,0
DA:186,0
DA:187,0
DA:189,0
DA:191,0
DA:206,0
DA:207,0
DA:208,0
DA:209,0
DA:211,0
DA:213,0
DA:214,0
DA:215,0
DA:217,0
DA:231,0
DA:233,0
DA:240,0
DA:254,0
DA:255,0
DA:257,0
DA:258,0
DA:267,0
DA:268,0
DA:271,0
DA:272,0
DA:275,0
DA:276,0
DA:279,0
DA:280,0
DA:283,0
DA:284,0
DA:287,0
DA:288,0
DA:290,0
DA:291,0
DA:299,0
DA:300,0
DA:301,0
DA:303,0
DA:311,0
DA:312,0
DA:313,0
DA:314,0
DA:316,0
DA:317,0
DA:325,0
DA:326,0
DA:327,0
DA:329,0
DA:340,0
DA:341,0
DA:344,0
DA:345,0
DA:346,0
DA:347,0
DA:348,0
DA:352,0
DA:353,0
DA:355,0
DA:356,0
DA:364,0
DA:365,0
DA:366,0
DA:368,0
DA:369,0
DA:370,0
DA:372,0
DA:373,0
DA:374,0
DA:375,0
DA:386,0
DA:387,0
DA:388,0
DA:389,0
DA:392,0
DA:393,0
DA:394,0
DA:395,0
DA:402,0
DA:405,0
DA:407,0
DA:408,0
DA:417,0
DA:418,0
DA:419,0
DA:420,0
DA:421,0
DA:430,0
DA:433,0
DA:461,0
DA:480,0
DA:487,0
DA:489,0
DA:490,0
DA:491,0
DA:502,0
DA:509,0
DA:510,0
DA:511,0
DA:513,0
DA:515,0
DA:523,0
DA:524,0
DA:525,0
DA:526,0
DA:528,0
DA:529,0
DA:533,0
LF:150
LH:0
BRDA:21,0,0,0
BRDA:21,0,1,0
BRDA:82,1,0,0
BRDA:82,1,1,0
BRDA:97,2,0,0
BRDA:97,2,1,0
BRDA:103,3,0,0
BRDA:103,3,1,0
BRDA:105,4,0,0
BRDA:105,4,1,0
BRDA:107,5,0,0
BRDA:107,5,1,0
BRDA:122,6,0,0
BRDA:122,6,1,0
BRDA:134,7,0,0
BRDA:134,7,1,0
BRDA:140,8,0,0
BRDA:140,8,1,0
BRDA:143,9,0,0
BRDA:143,9,1,0
BRDA:143,10,0,0
BRDA:143,10,1,0
BRDA:150,11,0,0
BRDA:150,11,1,0
BRDA:153,12,0,0
BRDA:153,12,1,0
BRDA:173,13,0,0
BRDA:173,13,1,0
BRDA:173,14,0,0
BRDA:173,14,1,0
BRDA:178,15,0,0
BRDA:178,15,1,0
BRDA:179,16,0,0
BRDA:179,16,1,0
BRDA:180,17,0,0
BRDA:180,17,1,0
BRDA:181,18,0,0
BRDA:181,18,1,0
BRDA:186,19,0,0
BRDA:186,19,1,0
BRDA:187,20,0,0
BRDA:187,20,1,0
BRDA:189,21,0,0
BRDA:189,21,1,0
BRDA:192,22,0,0
BRDA:192,22,1,0
BRDA:193,23,0,0
BRDA:193,23,1,0
BRDA:194,24,0,0
BRDA:194,24,1,0
BRDA:211,25,0,0
BRDA:211,25,1,0
BRDA:211,26,0,0
BRDA:211,26,1,0
BRDA:213,27,0,0
BRDA:213,27,1,0
BRDA:214,28,0,0
BRDA:214,28,1,0
BRDA:219,29,0,0
BRDA:219,29,1,0
BRDA:221,30,0,0
BRDA:221,30,1,0
BRDA:223,31,0,0
BRDA:223,31,1,0
BRDA:224,32,0,0
BRDA:224,32,1,0
BRDA:225,33,0,0
BRDA:225,33,1,0
BRDA:226,34,0,0
BRDA:226,34,1,0
BRDA:227,35,0,0
BRDA:227,35,1,0
BRDA:257,36,0,0
BRDA:257,36,1,0
BRDA:259,37,0,0
BRDA:259,37,1,0
BRDA:260,38,0,0
BRDA:260,38,1,0
BRDA:261,39,0,0
BRDA:261,39,1,0
BRDA:262,40,0,0
BRDA:262,40,1,0
BRDA:263,41,0,0
BRDA:263,41,1,0
BRDA:267,42,0,0
BRDA:267,42,1,0
BRDA:271,43,0,0
BRDA:271,43,1,0
BRDA:275,44,0,0
BRDA:275,44,1,0
BRDA:279,45,0,0
BRDA:279,45,1,0
BRDA:283,46,0,0
BRDA:283,46,1,0
BRDA:301,47,0,0
BRDA:301,47,1,0
BRDA:327,48,0,0
BRDA:327,48,1,0
BRDA:344,49,0,0
BRDA:344,49,1,0
BRDA:346,50,0,0
BRDA:346,50,1,0
BRDA:346,51,0,0
BRDA:346,51,1,0
BRDA:373,52,0,0
BRDA:373,52,1,0
BRDA:376,53,0,0
BRDA:376,53,1,0
BRDA:377,54,0,0
BRDA:377,54,1,0
BRDA:378,55,0,0
BRDA:378,55,1,0
BRDA:379,56,0,0
BRDA:379,56,1,0
BRDA:380,57,0,0
BRDA:380,57,1,0
BRDA:381,58,0,0
BRDA:381,58,1,0
BRDA:382,59,0,0
BRDA:382,59,1,0
BRDA:384,60,0,0
BRDA:384,60,1,0
BRDA:387,61,0,0
BRDA:387,61,1,0
BRDA:388,62,0,0
BRDA:388,62,1,0
BRDA:389,63,0,0
BRDA:389,63,1,0
BRDA:393,64,0,0
BRDA:393,64,1,0
BRDA:394,65,0,0
BRDA:394,65,1,0
BRDA:430,66,0,0
BRDA:430,66,1,0
BRDA:480,67,0,0
BRDA:480,67,1,0
BRDA:513,68,0,0
BRDA:513,68,1,0
BRF:138
BRH:0
end_of_record
TN:
SF:src/audio/SoundManager.ts
FN:52,(anonymous_0)
FN:75,(anonymous_1)
FN:100,(anonymous_2)
FN:125,(anonymous_3)
FN:142,(anonymous_4)
FN:149,(anonymous_5)
FN:159,(anonymous_6)
FN:166,(anonymous_7)
FN:182,(anonymous_8)
FN:203,(anonymous_9)
FNF:10
FNH:10
FNDA:14,(anonymous_0)
FNDA:3,(anonymous_1)
FNDA:4,(anonymous_2)
FNDA:33,(anonymous_3)
FNDA:4,(anonymous_4)
FNDA:6,(anonymous_5)
FNDA:3,(anonymous_6)
FNDA:28,(anonymous_7)
FNDA:28,(anonymous_8)
FNDA:28,(anonymous_9)
DA:38,1
DA:40,13
DA:43,13
DA:54,14
DA:57,14
DA:58,28
DA:60,28
DA:61,28
DA:63,28
DA:66,14
DA:76,3
DA:77,3
DA:78,1
DA:79,1
DA:82,2
DA:84,2
DA:85,2
DA:86,2
DA:88,0
DA:89,0
DA:102,4
DA:104,4
DA:105,4
DA:106,0
DA:107,0
DA:110,4
DA:111,4
DA:112,4
DA:113,4
DA:114,4
DA:115,4
DA:117,0
DA:118,0
DA:126,33
DA:127,4
DA:128,4
DA:129,4
DA:130,4
DA:131,4
DA:133,4
DA:143,4
DA:150,6
DA:160,3
DA:167,28
DA:169,28
DA:170,28
DA:171,28
DA:174,28
DA:183,28
DA:184,10
DA:192,18
DA:204,28
DA:205,28
DA:206,28
DA:207,28
DA:208,28
LF:56
LH:50
BRDA:58,0,0,0
BRDA:58,0,1,28
BRDA:77,1,0,1
BRDA:77,1,1,2
BRDA:105,2,0,0
BRDA:105,2,1,4
BRDA:126,3,0,4
BRDA:126,3,1,29
BRDA:128,4,0,4
BRDA:128,4,1,0
BRDA:160,5,0,3
BRDA:160,5,1,0
BRDA:183,6,0,10
BRDA:183,6,1,18
BRDA:194,7,0,18
BRDA:194,7,1,0
BRDA:195,8,0,18
BRDA:195,8,1,5
BRDA:196,9,0,18
BRDA:196,9,1,18
BRF:20
BRH:15
end_of_record
TN:
SF:src/core/AnimationManager.js
FN:6,(anonymous_0)
FN:12,(anonymous_1)
FN:22,(anonymous_2)
FN:28,(anonymous_3)
FNF:4
FNH:0
FNDA:0,(anonymous_0)
FNDA:0,(anonymous_1)
FNDA:0,(anonymous_2)
FNDA:0,(anonymous_3)
DA:7,0
DA:8,0
DA:9,0
DA:13,0
DA:14,0
DA:15,0
DA:16,0
DA:18,0
DA:23,0
DA:24,0
DA:25,0
DA:29,0
DA:31,0
DA:32,0
DA:33,0
DA:34,0
DA:37,0
DA:38,0
DA:39,0
DA:41,0
DA:42,0
DA:44,0
DA:46,0
DA:47,0
DA:48,0
DA:49,0
DA:51,0
DA:52,0
DA:55,0
DA:67,0
DA:72,0
LF:31
LH:0
BRDA:15,0,0,0
BRDA:15,0,1,0
BRDA:29,1,0,0
BRDA:29,1,1,0
BRDA:31,2,0,0
BRDA:31,2,1,0
BRDA:32,3,0,0
BRDA:32,3,1,0
BRDA:51,4,0,0
BRDA:51,4,1,0
BRF:10
BRH:0
end_of_record
TN:
SF:src/core/EnergyManager.js
FN:15,(anonymous_0)
FN:25,(anonymous_1)
FN:47,(anonymous_2)
FN:48,(anonymous_3)
FN:54,(anonymous_4)
FN:62,(anonymous_5)
FN:73,(anonymous_6)
FN:82,(anonymous_7)
FN:88,(anonymous_8)
FN:92,(anonymous_9)
FN:104,(anonymous_10)
FNF:11
FNH:0
FNDA:0,(anonymous_0)
FNDA:0,(anonymous_1)
FNDA:0,(anonymous_2)
FNDA:0,(anonymous_3)
FNDA:0,(anonymous_4)
FNDA:0,(anonymous_5)
FNDA:0,(anonymous_6)
FNDA:0,(anonymous_7)
FNDA:0,(anonymous_8)
FNDA:0,(anonymous_9)
FNDA:0,(anonymous_10)
DA:5,0
DA:16,0
DA:17,0
DA:18,0
DA:19,0
DA:20,0
DA:21,0
DA:22,0
DA:26,0
DA:27,0
DA:28,0
DA:29,0
DA:31,0
DA:32,0
DA:33,0
DA:34,0
DA:35,0
DA:38,0
DA:39,0
DA:41,0
DA:43,0
DA:48,0
DA:49,0
DA:50,0
DA:55,0
DA:56,0
DA:57,0
DA:58,0
DA:59,0
DA:63,0
DA:64,0
DA:65,0
DA:66,0
DA:67,0
DA:69,0
DA:74,0
DA:75,0
DA:76,0
DA:79,0
DA:83,0
DA:84,0
DA:85,0
DA:89,0
DA:93,0
DA:94,0
DA:95,0
DA:96,0
DA:97,0
DA:98,0
DA:99,0
DA:100,0
DA:105,0
DA:106,0
DA:109,0
DA:112,0
DA:113,0
DA:114,0
DA:115,0
DA:116,0
DA:117,0
DA:123,0
LF:61
LH:0
BRDA:28,0,0,0
BRDA:28,0,1,0
BRDA:29,1,0,0
BRDA:29,1,1,0
BRDA:33,2,0,0
BRDA:33,2,1,0
BRDA:64,3,0,0
BRDA:64,3,1,0
BRDA:75,4,0,0
BRDA:75,4,1,0
BRDA:75,5,0,0
BRDA:75,5,1,0
BRDA:84,6,0,0
BRDA:84,6,1,0
BRDA:94,7,0,0
BRDA:94,7,1,0
BRDA:94,7,2,0
BRDA:94,7,3,0
BRDA:94,7,4,0
BRDA:94,7,5,0
BRDA:106,8,0,0
BRDA:106,8,1,0
BRDA:114,9,0,0
BRDA:114,9,1,0
BRDA:114,10,0,0
BRDA:114,10,1,0
BRDA:116,11,0,0
BRDA:116,11,1,0
BRDA:116,12,0,0
BRDA:116,12,1,0
BRF:30
BRH:0
end_of_record
TN:
SF:src/core/StateMachine.js
FN:17,(anonymous_0)
FN:26,(anonymous_1)
FN:38,(anonymous_2)
FN:45,(anonymous_3)
FN:53,(anonymous_4)
FN:65,(anonymous_5)
FN:75,(anonymous_6)
FN:81,(anonymous_7)
FN:89,(anonymous_8)
FNF:9
FNH:0
FNDA:0,(anonymous_0)
FNDA:0,(anonymous_1)
FNDA:0,(anonymous_2)
FNDA:0,(anonymous_3)
FNDA:0,(anonymous_4)
FNDA:0,(anonymous_5)
FNDA:0,(anonymous_6)
FNDA:0,(anonymous_7)
FNDA:0,(anonymous_8)
DA:6,0
DA:18,0
DA:19,0
DA:20,0
DA:21,0
DA:22,0
DA:23,0
DA:27,0
DA:29,0
DA:30,0
DA:32,0
DA:33,0
DA:35,0
DA:39,0
DA:40,0
DA:41,0
DA:46,0
DA:47,0
DA:49,0
DA:54,0
DA:55,0
DA:57,0
DA:58,0
DA:60,0
DA:61,0
DA:66,0
DA:67,0
DA:68,0
DA:71,0
DA:73,0
DA:74,0
DA:75,0
DA:76,0
DA:82,0
DA:84,0
DA:85,0
DA:87,0
DA:89,0
DA:90,0
DA:91,0
DA:98,0
DA:99,0
LF:42
LH:0
BRDA:27,0,0,0
BRDA:27,0,1,0
BRDA:39,1,0,0
BRDA:39,1,1,0
BRDA:46,2,0,0
BRDA:46,2,1,0
BRDA:55,3,0,0
BRDA:55,3,1,0
BRDA:57,4,0,0
BRDA:57,4,1,0
BRDA:57,5,0,0
BRDA:57,5,1,0
BRDA:60,6,0,0
BRDA:60,6,1,0
BRDA:60,7,0,0
BRDA:60,7,1,0
BRDA:66,8,0,0
BRDA:66,8,1,0
BRDA:71,9,0,0
BRDA:71,9,1,0
BRDA:73,10,0,0
BRDA:73,10,1,0
BRDA:82,11,0,0
BRDA:82,11,1,0
BRDA:90,12,0,0
BRDA:90,12,1,0
BRF:26
BRH:0
end_of_record
TN:
SF:src/core/States.js
FNF:0
FNH:0
DA:5,0
DA:15,0
LF:2
LH:0
BRF:0
BRH:0
end_of_record
TN:
SF:src/features/ChatManager.js
FN:6,(anonymous_0)
FN:15,(anonymous_1)
FN:16,(anonymous_2)
FN:17,(anonymous_3)
FN:26,(anonymous_4)
FN:31,(anonymous_5)
FN:35,(anonymous_6)
FN:40,(anonymous_7)
FN:48,(anonymous_8)
FN:50,(anonymous_9)
FN:53,(anonymous_10)
FN:58,(anonymous_11)
FN:79,(anonymous_12)
FNF:13
FNH:0
FNDA:0,(anonymous_0)
FNDA:0,(anonymous_1)
FNDA:0,(anonymous_2)
FNDA:0,(anonymous_3)
FNDA:0,(anonymous_4)
FNDA:0,(anonymous_5)
FNDA:0,(anonymous_6)
FNDA:0,(anonymous_7)
FNDA:0,(anonymous_8)
FNDA:0,(anonymous_9)
FNDA:0,(anonymous_10)
FNDA:0,(anonymous_11)
FNDA:0,(anonymous_12)
DA:7,0
DA:8,0
DA:9,0
DA:10,0
DA:12,0
DA:16,0
DA:17,0
DA:18,0
DA:19,0
DA:20,0
DA:21,0
DA:26,0
DA:27,0
DA:31,0
DA:32,0
DA:35,0
DA:36,0
DA:41,0
DA:42,0
DA:44,0
DA:49,0
DA:50,0
DA:54,0
DA:55,0
DA:59,0
DA:60,0
DA:63,0
DA:64,0
DA:67,0
DA:68,0
DA:71,0
DA:73,0
DA:74,0
DA:75,0
DA:78,0
DA:79,0
DA:82,0
DA:83,0
DA:84,0
DA:90,0
LF:40
LH:0
BRDA:18,0,0,0
BRDA:18,0,1,0
BRDA:20,1,0,0
BRDA:20,1,1,0
BRDA:41,2,0,0
BRDA:41,2,1,0
BRDA:60,3,0,0
BRDA:60,3,1,0
BRDA:75,4,0,0
BRDA:75,4,1,0
BRF:10
BRH:0
end_of_record
TN:
SF:src/features/DragController.js
FN:6,(anonymous_0)
FN:14,(anonymous_1)
FN:16,(anonymous_2)
FN:20,(anonymous_3)
FN:26,(anonymous_4)
FN:27,(anonymous_5)
FN:28,(anonymous_6)
FN:31,(anonymous_7)
FN:50,(anonymous_8)
FN:65,(anonymous_9)
FNF:10
FNH:0
FNDA:0,(anonymous_0)
FNDA:0,(anonymous_1)
FNDA:0,(anonymous_2)
FNDA:0,(anonymous_3)
FNDA:0,(anonymous_4)
FNDA:0,(anonymous_5)
FNDA:0,(anonymous_6)
FNDA:0,(anonymous_7)
FNDA:0,(anonymous_8)
FNDA:0,(anonymous_9)
DA:7,0
DA:8,0
DA:9,0
DA:11,0
DA:16,0
DA:17,0
DA:20,0
DA:21,0
DA:22,0
DA:26,0
DA:27,0
DA:28,0
DA:33,0
DA:35,0
DA:36,0
DA:39,0
DA:40,0
DA:41,0
DA:44,0
DA:45,0
DA:47,0
DA:51,0
DA:53,0
DA:54,0
DA:57,0
DA:60,0
DA:61,0
DA:66,0
DA:67,0
DA:70,0
DA:73,0
DA:74,0
DA:76,0
DA:79,0
DA:80,0
DA:82,0
DA:88,0
LF:37
LH:0
BRDA:21,0,0,0
BRDA:21,0,1,0
BRDA:33,1,0,0
BRDA:33,1,1,0
BRDA:51,2,0,0
BRDA:51,2,1,0
BRDA:60,3,0,0
BRDA:60,3,1,0
BRDA:60,4,0,0
BRDA:60,4,1,0
BRDA:60,4,2,0
BRDA:66,5,0,0
BRDA:66,5,1,0
BRDA:73,6,0,0
BRDA:73,6,1,0
BRDA:79,7,0,0
BRDA:79,7,1,0
BRDA:79,8,0,0
BRDA:79,8,1,0
BRF:19
BRH:0
end_of_record
TN:
SF:src/features/PomodoroManager.js
FN:6,(anonymous_0)
FN:13,(anonymous_1)
FN:18,(anonymous_2)
FN:41,(anonymous_3)
FN:51,(anonymous_4)
FN:54,(anonymous_5)
FN:68,(anonymous_6)
FN:88,(anonymous_7)
FNF:8
FNH:0
FNDA:0,(anonymous_0)
FNDA:0,(anonymous_1)
FNDA:0,(anonymous_2)
FNDA:0,(anonymous_3)
FNDA:0,(anonymous_4)
FNDA:0,(anonymous_5)
FNDA:0,(anonymous_6)
FNDA:0,(anonymous_7)
DA:7,0
DA:8,0
DA:9,0
DA:10,0
DA:13,0
DA:14,0
DA:20,0
DA:21,0
DA:22,0
DA:23,0
DA:24,0
DA:28,0
DA:29,0
DA:32,0
DA:35,0
DA:36,0
DA:38,0
DA:42,0
DA:44,0
DA:45,0
DA:46,0
DA:49,0
DA:51,0
DA:55,0
DA:56,0
DA:57,0
DA:58,0
DA:61,0
DA:62,0
DA:63,0
DA:64,0
DA:69,0
DA:72,0
DA:75,0
DA:76,0
DA:77,0
DA:81,0
DA:84,0
DA:85,0
DA:88,0
DA:89,0
DA:90,0
DA:97,0
LF:43
LH:0
BRDA:20,0,0,0
BRDA:20,0,1,0
BRDA:22,1,0,0
BRDA:22,1,1,0
BRDA:42,2,0,0
BRDA:42,2,1,0
BRDA:44,3,0,0
BRDA:44,3,1,0
BRDA:54,4,0,0
BRDA:56,5,0,0
BRDA:56,5,1,0
BRDA:61,6,0,0
BRDA:61,6,1,0
BRDA:75,7,0,0
BRDA:75,7,1,0
BRDA:89,8,0,0
BRDA:89,8,1,0
BRF:17
BRH:0
end_of_record
TN:
SF:src/features/ReminderManager.js
FN:6,(anonymous_0)
FN:28,(anonymous_1)
FN:33,(anonymous_2)
FN:45,(anonymous_3)
FN:56,(anonymous_4)
FN:70,(anonymous_5)
FN:80,(anonymous_6)
FN:88,(anonymous_7)
FN:108,(anonymous_8)
FNF:9
FNH:0
FNDA:0,(anonymous_0)
FNDA:0,(anonymous_1)
FNDA:0,(anonymous_2)
FNDA:0,(anonymous_3)
FNDA:0,(anonymous_4)
FNDA:0,(anonymous_5)
FNDA:0,(anonymous_6)
FNDA:0,(anonymous_7)
FNDA:0,(anonymous_8)
DA:7,0
DA:8,0
DA:9,0
DA:12,0
DA:20,0
DA:28,0
DA:29,0
DA:33,0
DA:34,0
DA:35,0
DA:38,0
DA:39,0
DA:42,0
DA:46,0
DA:48,0
DA:49,0
DA:50,0
DA:51,0
DA:53,0
DA:57,0
DA:59,0
DA:60,0
DA:61,0
DA:62,0
DA:63,0
DA:66,0
DA:71,0
DA:72,0
DA:73,0
DA:74,0
DA:77,0
DA:78,0
DA:80,0
DA:81,0
DA:84,0
DA:85,0
DA:89,0
DA:92,0
DA:93,0
DA:98,0
DA:101,0
DA:102,0
DA:103,0
DA:107,0
DA:108,0
DA:109,0
DA:110,0
DA:114,0
DA:117,0
DA:118,0
DA:119,0
DA:122,0
DA:128,0
LF:53
LH:0
BRDA:35,0,0,0
BRDA:35,0,1,0
BRDA:39,1,0,0
BRDA:39,1,1,0
BRDA:46,2,0,0
BRDA:46,2,1,0
BRDA:46,3,0,0
BRDA:46,3,1,0
BRDA:46,3,2,0
BRDA:49,4,0,0
BRDA:49,4,1,0
BRDA:50,5,0,0
BRDA:50,5,1,0
BRDA:51,6,0,0
BRDA:51,6,1,0
BRDA:57,7,0,0
BRDA:57,7,1,0
BRDA:72,8,0,0
BRDA:72,8,1,0
BRDA:93,9,0,0
BRDA:93,9,1,0
BRDA:101,10,0,0
BRDA:101,10,1,0
BRDA:109,11,0,0
BRDA:109,11,1,0
BRDA:117,12,0,0
BRDA:117,12,1,0
BRF:27
BRH:0
end_of_record
TN:
SF:src/managers/SkinManager.js
FN:6,(anonymous_0)
FN:15,(anonymous_1)
FN:42,(anonymous_2)
FN:45,(anonymous_3)
FN:47,(anonymous_4)
FN:58,(anonymous_5)
FN:78,(anonymous_6)
FN:98,(anonymous_7)
FN:99,(anonymous_8)
FN:116,(anonymous_9)
FN:125,(anonymous_10)
FN:132,(anonymous_11)
FN:136,(anonymous_12)
FNF:13
FNH:0
FNDA:0,(anonymous_0)
FNDA:0,(anonymous_1)
FNDA:0,(anonymous_2)
FNDA:0,(anonymous_3)
FNDA:0,(anonymous_4)
FNDA:0,(anonymous_5)
FNDA:0,(anonymous_6)
FNDA:0,(anonymous_7)
FNDA:0,(anonymous_8)
FNDA:0,(anonymous_9)
FNDA:0,(anonymous_10)
FNDA:0,(anonymous_11)
FNDA:0,(anonymous_12)
DA:7,0
DA:16,0
DA:18,0
DA:19,0
DA:21,0
DA:22,0
DA:25,0
DA:28,0
DA:30,0
DA:31,0
DA:33,0
DA:34,0
DA:43,0
DA:45,0
DA:46,0
DA:47,0
DA:48,0
DA:49,0
DA:50,0
DA:51,0
DA:55,0
DA:56,0
DA:58,0
DA:60,0
DA:64,0
DA:65,0
DA:66,0
DA:68,0
DA:79,0
DA:81,0
DA:82,0
DA:87,0
DA:88,0
DA:91,0
DA:99,0
DA:100,0
DA:102,0
DA:103,0
DA:104,0
DA:105,0
DA:107,0
DA:109,0
DA:117,0
DA:118,0
DA:126,0
DA:128,0
DA:129,0
DA:132,0
DA:133,0
DA:136,0
DA:137,0
DA:140,0
DA:141,0
DA:146,0
LF:54
LH:0
BRDA:19,0,0,0
BRDA:19,0,1,0
BRDA:56,1,0,0
BRDA:56,1,1,0
BRDA:79,2,0,0
BRDA:79,2,1,0
BRDA:79,3,0,0
BRDA:79,3,1,0
BRDA:82,4,0,0
BRDA:82,4,1,0
BRDA:87,5,0,0
BRDA:87,5,1,0
BRDA:99,6,0,0
BRDA:99,6,1,0
BRDA:103,7,0,0
BRDA:103,7,1,0
BRDA:104,8,0,0
BRDA:104,8,1,0
BRDA:117,9,0,0
BRDA:117,9,1,0
BRDA:126,10,0,0
BRDA:126,10,1,0
BRDA:133,11,0,0
BRDA:133,11,1,0
BRF:24
BRH:0
end_of_record
TN:
SF:src/services/AnalyticsService.js
FN:23,trackEvent
FN:49,trackPomodoroComplete
FN:56,trackReminderTriggered
FN:63,trackSkinChanged
FN:70,trackAiChat
FN:77,trackVipActivated
FN:84,trackAppLaunched
FNF:7
FNH:0
FNDA:0,trackEvent
FNDA:0,trackPomodoroComplete
FNDA:0,trackReminderTriggered
FNDA:0,trackSkinChanged
FNDA:0,trackAiChat
FNDA:0,trackVipActivated
FNDA:0,trackAppLaunched
DA:5,0
DA:6,0
DA:9,0
DA:25,0
DA:26,0
DA:27,0
DA:30,0
DA:31,0
DA:33,0
DA:39,0
DA:42,0
DA:50,0
DA:57,0
DA:64,0
DA:71,0
DA:78,0
DA:85,0
DA:88,0
LF:18
LH:0
BRDA:23,0,0,0
BRDA:25,1,0,0
BRDA:25,1,1,0
BRF:3
BRH:0
end_of_record
TN:
SF:src/services/ApiService.js
FN:8,(anonymous_0)
FN:16,(anonymous_1)
FN:23,(anonymous_2)
FN:30,(anonymous_3)
FN:37,(anonymous_4)
FN:44,(anonymous_5)
FN:51,(anonymous_6)
FN:84,(anonymous_7)
FN:99,(anonymous_8)
FNF:9
FNH:0
FNDA:0,(anonymous_0)
FNDA:0,(anonymous_1)
FNDA:0,(anonymous_2)
FNDA:0,(anonymous_3)
FNDA:0,(anonymous_4)
FNDA:0,(anonymous_5)
FNDA:0,(anonymous_6)
FNDA:0,(anonymous_7)
FNDA:0,(anonymous_8)
DA:9,0
DA:10,0
DA:17,0
DA:24,0
DA:31,0
DA:38,0
DA:45,0
DA:52,0
DA:53,0
DA:62,0
DA:63,0
DA:66,0
DA:67,0
DA:68,0
DA:70,0
DA:71,0
DA:74,0
DA:76,0
DA:77,0
DA:87,0
DA:88,0
DA:90,0
DA:91,0
DA:94,0
DA:97,0
DA:98,0
DA:99,0
DA:102,0
DA:107,0
DA:109,0
LF:30
LH:0
BRDA:8,0,0,0
BRDA:23,1,0,0
BRDA:30,2,0,0
BRDA:37,3,0,0
BRDA:44,4,0,0
BRDA:51,5,0,0
BRDA:51,6,0,0
BRDA:59,7,0,0
BRDA:59,7,1,0
BRDA:62,8,0,0
BRDA:62,8,1,0
BRDA:62,9,0,0
BRDA:62,9,1,0
BRDA:62,9,2,0
BRDA:70,10,0,0
BRDA:70,10,1,0
BRDA:71,11,0,0
BRDA:71,11,1,0
BRDA:84,12,0,0
BRDA:84,13,0,0
BRDA:90,14,0,0
BRDA:90,14,1,0
BRF:22
BRH:0
end_of_record
TN:
SF:src/services/AuthService.js
FN:10,(anonymous_0)
FN:15,(anonymous_1)
FN:23,(anonymous_2)
FN:39,(anonymous_3)
FN:67,(anonymous_4)
FN:93,(anonymous_5)
FN:101,(anonymous_6)
FN:121,(anonymous_7)
FNF:8
FNH:0
FNDA:0,(anonymous_0)
FNDA:0,(anonymous_1)
FNDA:0,(anonymous_2)
FNDA:0,(anonymous_3)
FNDA:0,(anonymous_4)
FNDA:0,(anonymous_5)
FNDA:0,(anonymous_6)
FNDA:0,(anonymous_7)
DA:6,0
DA:7,0
DA:11,0
DA:12,0
DA:16,0
DA:19,0
DA:20,0
DA:23,0
DA:24,0
DA:25,0
DA:28,0
DA:29,0
DA:40,0
DA:41,0
DA:44,0
DA:45,0
DA:52,0
DA:53,0
DA:55,0
DA:57,0
DA:68,0
DA:69,0
DA:72,0
DA:73,0
DA:79,0
DA:80,0
DA:84,0
DA:86,0
DA:94,0
DA:95,0
DA:102,0
DA:104,0
DA:105,0
DA:106,0
DA:108,0
DA:112,0
DA:114,0
DA:122,0
DA:126,0
DA:127,0
LF:40
LH:0
BRDA:16,0,0,0
BRDA:16,0,1,0
BRDA:20,1,0,0
BRDA:20,1,1,0
BRDA:25,2,0,0
BRDA:25,2,1,0
BRDA:28,3,0,0
BRDA:28,3,1,0
BRDA:28,4,0,0
BRDA:28,4,1,0
BRDA:40,5,0,0
BRDA:40,5,1,0
BRDA:52,6,0,0
BRDA:52,6,1,0
BRDA:68,7,0,0
BRDA:68,7,1,0
BRDA:79,8,0,0
BRDA:79,8,1,0
BRDA:94,9,0,0
BRDA:94,9,1,0
BRDA:102,10,0,0
BRDA:102,10,1,0
BRF:22
BRH:0
end_of_record
TN:
SF:src/services/DeviceIdService.js
FN:12,getDeviceId
FNF:1
FNH:0
FNDA:0,getDeviceId
DA:5,0
DA:6,0
DA:13,0
DA:15,0
DA:16,0
DA:17,0
DA:18,0
DA:21,0
DA:24,0
LF:9
LH:0
BRDA:15,0,0,0
BRDA:15,0,1,0
BRF:2
BRH:0
end_of_record
TN:
SF:src/services/InviteCodeService.js
FN:30,(anonymous_0)
FN:41,(anonymous_1)
FN:65,(anonymous_2)
FN:84,(anonymous_3)
FN:105,(anonymous_4)
FN:125,(anonymous_5)
FN:140,(anonymous_6)
FNF:7
FNH:0
FNDA:0,(anonymous_0)
FNDA:0,(anonymous_1)
FNDA:0,(anonymous_2)
FNDA:0,(anonymous_3)
FNDA:0,(anonymous_4)
FNDA:0,(anonymous_5)
FNDA:0,(anonymous_6)
DA:10,0
DA:11,0
DA:16,0
DA:32,0
DA:33,0
DA:42,0
DA:43,0
DA:46,0
DA:48,0
DA:49,0
DA:50,0
DA:52,0
DA:54,0
DA:55,0
DA:56,0
DA:59,0
DA:67,0
DA:68,0
DA:70,0
DA:71,0
DA:78,0
DA:85,0
DA:87,0
DA:92,0
DA:94,0
DA:106,0
DA:107,0
DA:110,0
DA:111,0
DA:112,0
DA:115,0
DA:117,0
DA:118,0
DA:126,0
DA:128,0
DA:129,0
DA:130,0
DA:132,0
DA:133,0
DA:141,0
DA:142,0
DA:147,0
DA:149,0
LF:43
LH:0
BRDA:32,0,0,0
BRDA:32,0,1,0
BRDA:33,1,0,0
BRDA:33,1,1,0
BRDA:42,2,0,0
BRDA:42,2,1,0
BRDA:42,3,0,0
BRDA:42,3,1,0
BRDA:48,4,0,0
BRDA:48,4,1,0
BRDA:70,5,0,0
BRDA:70,5,1,0
BRDA:70,6,0,0
BRDA:70,6,1,0
BRDA:97,7,0,0
BRDA:97,7,1,0
BRDA:98,8,0,0
BRDA:98,8,1,0
BRDA:106,9,0,0
BRDA:106,9,1,0
BRDA:126,10,0,0
BRDA:126,10,1,0
BRDA:141,11,0,0
BRDA:141,11,1,0
BRDA:142,12,0,0
BRDA:142,12,1,0
BRF:26
BRH:0
end_of_record
TN:
SF:src/services/OpsService.js
FN:14,(anonymous_0)
FN:23,(anonymous_1)
FN:48,(anonymous_2)
FN:57,(anonymous_3)
FN:98,(anonymous_4)
FNF:5
FNH:0
FNDA:0,(anonymous_0)
FNDA:0,(anonymous_1)
FNDA:0,(anonymous_2)
FNDA:0,(anonymous_3)
FNDA:0,(anonymous_4)
DA:6,0
DA:7,0
DA:8,0
DA:11,0
DA:15,0
DA:16,0
DA:24,0
DA:25,0
DA:28,0
DA:29,0
DA:33,0
DA:34,0
DA:39,0
DA:40,0
DA:49,0
DA:58,0
DA:59,0
DA:62,0
DA:64,0
DA:65,0
DA:68,0
DA:69,0
DA:72,0
DA:73,0
DA:76,0
DA:77,0
DA:78,0
DA:86,0
DA:88,0
DA:89,0
DA:99,0
DA:103,0
DA:105,0
LF:33
LH:0
BRDA:11,0,0,0
BRDA:11,0,1,0
BRDA:24,1,0,0
BRDA:24,1,1,0
BRDA:33,2,0,0
BRDA:33,2,1,0
BRDA:49,3,0,0
BRDA:49,3,1,0
BRDA:58,4,0,0
BRDA:58,4,1,0
BRDA:64,5,0,0
BRDA:64,5,1,0
BRDA:64,6,0,0
BRDA:64,6,1,0
BRDA:68,7,0,0
BRDA:68,7,1,0
BRDA:72,8,0,0
BRDA:72,8,1,0
BRDA:82,9,0,0
BRDA:82,9,1,0
BRF:20
BRH:0
end_of_record
TN:
SF:src/services/SettingsSyncService.js
FN:18,(anonymous_0)
FN:28,(anonymous_1)
FN:52,(anonymous_2)
FN:86,(anonymous_3)
FN:102,(anonymous_4)
FNF:5
FNH:0
FNDA:0,(anonymous_0)
FNDA:0,(anonymous_1)
FNDA:0,(anonymous_2)
FNDA:0,(anonymous_3)
FNDA:0,(anonymous_4)
DA:6,0
DA:7,0
DA:10,0
DA:19,0
DA:29,0
DA:30,0
DA:33,0
DA:34,0
DA:35,0
DA:41,0
DA:43,0
DA:44,0
DA:53,0
DA:54,0
DA:57,0
DA:58,0
DA:59,0
DA:64,0
DA:65,0
DA:66,0
DA:67,0
DA:68,0
DA:70,0
DA:75,0
DA:77,0
DA:78,0
DA:87,0
DA:89,0
DA:90,0
DA:91,0
DA:95,0
DA:103,0
DA:105,0
DA:106,0
DA:109,0
DA:111,0
DA:112,0
DA:113,0
DA:116,0
DA:117,0
DA:118,0
DA:121,0
DA:122,0
DA:123,0
DA:129,0
DA:130,0
DA:134,0
DA:136,0
LF:48
LH:0
BRDA:29,0,0,0
BRDA:29,0,1,0
BRDA:53,1,0,0
BRDA:53,1,1,0
BRDA:65,2,0,0
BRDA:65,2,1,0
BRDA:68,3,0,0
BRDA:68,3,1,0
BRDA:90,4,0,0
BRDA:90,4,1,0
BRDA:105,5,0,0
BRDA:105,5,1,0
BRDA:105,6,0,0
BRDA:105,6,1,0
BRDA:111,7,0,0
BRDA:111,7,1,0
BRDA:116,8,0,0
BRDA:116,8,1,0
BRDA:121,9,0,0
BRDA:121,9,1,0
BRF:20
BRH:0
end_of_record
TN:
SF:src/services/SupabaseClient.js
FN:32,isConfigured
FN:39,sleep
FN:40,(anonymous_2)
FN:46,classifyError
FN:63,rpc
FN:78,(anonymous_5)
FN:133,getUserFriendlyError
FNF:7
FNH:0
FNDA:0,isConfigured
FNDA:0,sleep
FNDA:0,(anonymous_2)
FNDA:0,classifyError
FNDA:0,rpc
FNDA:0,(anonymous_5)
FNDA:0,getUserFriendlyError
DA:5,0
DA:9,0
DA:10,0
DA:13,0
DA:20,0
DA:21,0
DA:25,0
DA:33,0
DA:40,0
DA:47,0
DA:48,0
DA:50,0
DA:51,0
DA:52,0
DA:53,0
DA:64,0
DA:65,0
DA:68,0
DA:69,0
DA:70,0
DA:72,0
DA:74,0
DA:75,0
DA:77,0
DA:78,0
DA:80,0
DA:84,0
DA:86,0
DA:87,0
DA:88,0
DA:91,0
DA:92,0
DA:93,0
DA:94,0
DA:95,0
DA:100,0
DA:103,0
DA:105,0
DA:108,0
DA:109,0
DA:110,0
DA:111,0
DA:112,0
DA:117,0
DA:118,0
DA:121,0
DA:126,0
DA:127,0
DA:134,0
DA:135,0
DA:137,0
DA:139,0
DA:141,0
DA:143,0
DA:147,0
LF:55
LH:0
BRDA:9,0,0,0
BRDA:9,0,1,0
BRDA:10,1,0,0
BRDA:10,1,1,0
BRDA:20,2,0,0
BRDA:20,2,1,0
BRDA:25,3,0,0
BRDA:25,3,1,0
BRDA:47,4,0,0
BRDA:47,4,1,0
BRDA:48,5,0,0
BRDA:48,5,1,0
BRDA:50,6,0,0
BRDA:50,6,1,0
BRDA:50,7,0,0
BRDA:50,7,1,0
BRDA:51,8,0,0
BRDA:51,8,1,0
BRDA:51,9,0,0
BRDA:51,9,1,0
BRDA:51,9,2,0
BRDA:52,10,0,0
BRDA:52,10,1,0
BRDA:63,11,0,0
BRDA:64,12,0,0
BRDA:64,12,1,0
BRDA:68,13,0,0
BRDA:68,13,1,0
BRDA:69,14,0,0
BRDA:69,14,1,0
BRDA:70,15,0,0
BRDA:70,15,1,0
BRDA:86,16,0,0
BRDA:86,16,1,0
BRDA:91,17,0,0
BRDA:91,17,1,0
BRDA:91,18,0,0
BRDA:91,18,1,0
BRDA:93,19,0,0
BRDA:93,19,1,0
BRDA:108,20,0,0
BRDA:108,20,1,0
BRDA:110,21,0,0
BRDA:110,21,1,0
BRDA:117,22,0,0
BRDA:117,22,1,0
BRDA:117,23,0,0
BRDA:117,23,1,0
BRDA:127,24,0,0
BRDA:127,24,1,0
BRDA:135,25,0,0
BRDA:135,25,1,0
BRDA:135,25,2,0
BRDA:135,25,3,0
BRF:54
BRH:0
end_of_record
TN:
SF:src/services/llmHandler.js
FN:27,(anonymous_0)
FN:49,(anonymous_1)
FN:74,(anonymous_2)
FN:149,(anonymous_3)
FN:163,(anonymous_4)
FN:172,(anonymous_5)
FN:180,(anonymous_6)
FN:181,(anonymous_7)
FN:212,(anonymous_8)
FN:215,(anonymous_9)
FN:219,(anonymous_10)
FN:238,(anonymous_11)
FN:242,(anonymous_12)
FN:256,(anonymous_13)
FN:325,(anonymous_14)
FNF:15
FNH:0
FNDA:0,(anonymous_0)
FNDA:0,(anonymous_1)
FNDA:0,(anonymous_2)
FNDA:0,(anonymous_3)
FNDA:0,(anonymous_4)
FNDA:0,(anonymous_5)
FNDA:0,(anonymous_6)
FNDA:0,(anonymous_7)
FNDA:0,(anonymous_8)
FNDA:0,(anonymous_9)
FNDA:0,(anonymous_10)
FNDA:0,(anonymous_11)
FNDA:0,(anonymous_12)
FNDA:0,(anonymous_13)
FNDA:0,(anonymous_14)
DA:12,0
DA:13,0
DA:28,0
DA:30,0
DA:31,0
DA:32,0
DA:33,0
DA:34,0
DA:35,0
DA:36,0
DA:37,0
DA:40,0
DA:43,0
DA:50,0
DA:51,0
DA:53,0
DA:54,0
DA:56,0
DA:57,0
DA:59,0
DA:60,0
DA:75,0
DA:76,0
DA:82,0
DA:83,0
DA:84,0
DA:85,0
DA:88,0
DA:93,0
DA:94,0
DA:98,0
DA:100,0
DA:107,0
DA:108,0
DA:110,0
DA:111,0
DA:112,0
DA:118,0
DA:120,0
DA:121,0
DA:128,0
DA:129,0
DA:130,0
DA:133,0
DA:140,0
DA:150,0
DA:154,0
DA:155,0
DA:156,0
DA:164,0
DA:165,0
DA:173,0
DA:181,0
DA:184,0
DA:185,0
DA:186,0
DA:187,0
DA:189,0
DA:205,0
DA:212,0
DA:213,0
DA:215,0
DA:216,0
DA:219,0
DA:220,0
DA:221,0
DA:223,0
DA:224,0
DA:225,0
DA:226,0
DA:227,0
DA:228,0
DA:231,0
DA:233,0
DA:238,0
DA:239,0
DA:242,0
DA:243,0
DA:244,0
DA:247,0
DA:248,0
DA:257,0
DA:260,0
DA:261,0
DA:269,0
DA:270,0
DA:278,0
DA:279,0
DA:287,0
DA:288,0
DA:296,0
DA:297,0
DA:305,0
DA:306,0
DA:314,0
DA:326,0
DA:328,0
DA:329,0
DA:334,0
DA:340,0
DA:349,0
LF:101
LH:0
BRDA:33,0,0,0
BRDA:33,0,1,0
BRDA:34,1,0,0
BRDA:34,1,1,0
BRDA:35,2,0,0
BRDA:35,2,1,0
BRDA:36,3,0,0
BRDA:36,3,1,0
BRDA:37,4,0,0
BRDA:37,4,1,0
BRDA:50,5,0,0
BRDA:50,5,1,0
BRDA:53,6,0,0
BRDA:53,6,1,0
BRDA:56,7,0,0
BRDA:56,7,1,0
BRDA:59,8,0,0
BRDA:59,8,1,0
BRDA:74,9,0,0
BRDA:75,10,0,0
BRDA:75,10,1,0
BRDA:75,11,0,0
BRDA:75,11,1,0
BRDA:82,12,0,0
BRDA:82,12,1,0
BRDA:83,13,0,0
BRDA:83,13,1,0
BRDA:84,14,0,0
BRDA:84,14,1,0
BRDA:93,15,0,0
BRDA:93,15,1,0
BRDA:93,16,0,0
BRDA:93,16,1,0
BRDA:110,17,0,0
BRDA:110,17,1,0
BRDA:110,18,0,0
BRDA:110,18,1,0
BRDA:120,19,0,0
BRDA:120,19,1,0
BRDA:128,20,0,0
BRDA:128,20,1,0
BRDA:136,21,0,0
BRDA:136,21,1,0
BRDA:155,22,0,0
BRDA:155,22,1,0
BRDA:187,23,0,0
BRDA:187,23,1,0
BRDA:191,24,0,0
BRDA:191,24,1,0
BRDA:191,25,0,0
BRDA:191,25,1,0
BRDA:223,26,0,0
BRDA:223,26,1,0
BRDA:224,27,0,0
BRDA:224,27,1,0
BRDA:260,28,0,0
BRDA:260,28,1,0
BRDA:260,29,0,0
BRDA:260,29,1,0
BRDA:260,29,2,0
BRDA:269,30,0,0
BRDA:269,30,1,0
BRDA:269,31,0,0
BRDA:269,31,1,0
BRDA:278,32,0,0
BRDA:278,32,1,0
BRDA:287,33,0,0
BRDA:287,33,1,0
BRDA:296,34,0,0
BRDA:296,34,1,0
BRDA:296,35,0,0
BRDA:296,35,1,0
BRDA:296,35,2,0
BRDA:296,35,3,0
BRDA:305,36,0,0
BRDA:305,36,1,0
BRDA:336,37,0,0
BRDA:336,37,1,0
BRF:78
BRH:0
end_of_record
TN:
SF:src/settings/i18n.js
FN:490,applyI18n
FN:494,(anonymous_1)
FN:512,t
FN:517,getCurrentLang
FNF:4
FNH:0
FNDA:0,applyI18n
FNDA:0,(anonymous_1)
FNDA:0,t
FNDA:0,getCurrentLang
DA:7,0
DA:484,0
DA:491,0
DA:492,0
DA:494,0
DA:495,0
DA:496,0
DA:497,0
DA:502,0
DA:503,0
DA:513,0
DA:514,0
DA:517,0
DA:520,0
DA:521,0
DA:530,0
DA:531,0
LF:17
LH:0
BRDA:492,0,0,0
BRDA:492,0,1,0
BRDA:496,1,0,0
BRDA:496,1,1,0
BRDA:502,2,0,0
BRDA:502,2,1,0
BRDA:513,3,0,0
BRDA:513,3,1,0
BRDA:514,4,0,0
BRDA:514,4,1,0
BRDA:520,5,0,0
BRDA:520,5,1,0
BRDA:530,6,0,0
BRDA:530,6,1,0
BRDA:530,7,0,0
BRDA:530,7,1,0
BRF:16
BRH:0
end_of_record
TN:
SF:src/settings/providers.js
FNF:0
FNH:0
DA:6,0
DA:120,0
DA:121,0
DA:125,0
DA:126,0
LF:5
LH:0
BRDA:120,0,0,0
BRDA:120,0,1,0
BRDA:125,1,0,0
BRDA:125,1,1,0
BRDA:125,2,0,0
BRDA:125,2,1,0
BRF:6
BRH:0
end_of_record
TN:
SF:src/settings/validators.js
FN:12,validateApiKey
FN:28,validateEmail
FN:40,validateFeedback
FN:52,validateInterval
FN:63,validateInviteCode
FNF:5
FNH:0
FNDA:0,validateApiKey
FNDA:0,validateEmail
FNDA:0,validateFeedback
FNDA:0,validateInterval
FNDA:0,validateInviteCode
DA:13,0
DA:14,0
DA:15,0
DA:18,0
DA:20,0
DA:29,0
DA:30,0
DA:31,0
DA:41,0
DA:42,0
DA:53,0
DA:54,0
DA:55,0
DA:64,0
DA:65,0
DA:69,0
DA:70,0
DA:80,0
DA:81,0
LF:19
LH:0
BRDA:12,0,0,0
BRDA:13,1,0,0
BRDA:13,1,1,0
BRDA:13,2,0,0
BRDA:13,2,1,0
BRDA:15,3,0,0
BRDA:15,3,1,0
BRDA:18,4,0,0
BRDA:18,4,1,0
BRDA:18,5,0,0
BRDA:18,5,1,0
BRDA:29,6,0,0
BRDA:29,6,1,0
BRDA:40,7,0,0
BRDA:41,8,0,0
BRDA:41,8,1,0
BRDA:41,9,0,0
BRDA:41,9,1,0
BRDA:52,10,0,0
BRDA:52,11,0,0
BRDA:54,12,0,0
BRDA:54,12,1,0
BRDA:55,13,0,0
BRDA:55,13,1,0
BRDA:64,14,0,0
BRDA:64,14,1,0
BRDA:69,15,0,0
BRDA:69,15,1,0
BRDA:80,16,0,0
BRDA:80,16,1,0
BRDA:80,17,0,0
BRDA:80,17,1,0
BRF:32
BRH:0
end_of_record
TN:
SF:src/types/index.d.ts
FNF:0
FNH:0
LF:0
LH:0
BRF:0
BRH:0
end_of_record
TN:
SF:src/types/skin.d.ts
FNF:0
FNH:0
LF:0
LH:0
BRF:0
BRH:0
end_of_record
TN:
SF:src/types/sound.d.ts
FNF:0
FNH:0
LF:0
LH:0
BRF:0
BRH:0
end_of_record
TN:
SF:src/ui/BubbleManager.js
FN:13,showBubble
FN:21,(anonymous_1)
FN:30,hideBubble
FN:39,(anonymous_3)
FN:44,(anonymous_4)
FN:47,(anonymous_5)
FN:52,playJumpSound
FN:59,(anonymous_7)
FN:63,playClickSound
FN:70,(anonymous_9)
FNF:10
FNH:0
FNDA:0,showBubble
FNDA:0,(anonymous_1)
FNDA:0,hideBubble
FNDA:0,(anonymous_3)
FNDA:0,(anonymous_4)
FNDA:0,(anonymous_5)
FNDA:0,playJumpSound
FNDA:0,(anonymous_7)
FNDA:0,playClickSound
FNDA:0,(anonymous_9)
DA:6,0
DA:7,0
DA:8,0
DA:14,0
DA:16,0
DA:17,0
DA:18,0
DA:20,0
DA:21,0
DA:22,0
DA:31,0
DA:32,0
DA:33,0
DA:35,0
DA:39,0
DA:40,0
DA:44,0
DA:45,0
DA:47,0
DA:48,0
DA:53,0
DA:54,0
DA:55,0
DA:57,0
DA:58,0
DA:59,0
DA:64,0
DA:65,0
DA:66,0
DA:68,0
DA:69,0
DA:70,0
DA:75,0
DA:76,0
DA:77,0
DA:78,0
LF:36
LH:0
BRDA:13,0,0,0
BRDA:13,1,0,0
BRDA:14,2,0,0
BRDA:14,2,1,0
BRDA:20,3,0,0
BRDA:20,3,1,0
BRDA:31,4,0,0
BRDA:31,4,1,0
BRDA:54,5,0,0
BRDA:54,5,1,0
BRDA:57,6,0,0
BRDA:57,6,1,0
BRDA:65,7,0,0
BRDA:65,7,1,0
BRDA:68,8,0,0
BRDA:68,8,1,0
BRF:16
BRH:0
end_of_record
TN:
SF:src/ui/NotificationManager.js
FN:6,(anonymous_0)
FN:17,(anonymous_1)
FN:29,(anonymous_2)
FN:45,(anonymous_3)
FN:59,(anonymous_4)
FN:90,(anonymous_5)
FN:97,(anonymous_6)
FNF:7
FNH:0
FNDA:0,(anonymous_0)
FNDA:0,(anonymous_1)
FNDA:0,(anonymous_2)
FNDA:0,(anonymous_3)
FNDA:0,(anonymous_4)
FNDA:0,(anonymous_5)
FNDA:0,(anonymous_6)
DA:7,0
DA:8,0
DA:9,0
DA:18,0
DA:21,0
DA:22,0
DA:23,0
DA:26,0
DA:30,0
DA:31,0
DA:32,0
DA:35,0
DA:36,0
DA:39,0
DA:42,0
DA:43,0
DA:44,0
DA:45,0
DA:49,0
DA:50,0
DA:53,0
DA:60,0
DA:63,0
DA:64,0
DA:65,0
DA:69,0
DA:72,0
DA:73,0
DA:77,0
DA:79,0
DA:80,0
DA:81,0
DA:84,0
DA:91,0
DA:98,0
DA:103,0
LF:36
LH:0
BRDA:17,0,0,0
BRDA:21,1,0,0
BRDA:21,1,1,0
BRDA:30,2,0,0
BRDA:30,2,1,0
BRDA:43,3,0,0
BRDA:43,3,1,0
BRDA:43,4,0,0
BRDA:43,4,1,0
BRDA:49,5,0,0
BRDA:49,5,1,0
BRDA:60,6,0,0
BRDA:60,6,1,0
BRDA:63,7,0,0
BRDA:63,7,1,0
BRDA:72,8,0,0
BRDA:72,8,1,0
BRDA:77,9,0,0
BRDA:77,9,1,0
BRF:19
BRH:0
end_of_record
TN:
SF:src/utils/logger.js
FN:23,(anonymous_0)
FN:33,(anonymous_1)
FN:41,(anonymous_2)
FN:49,(anonymous_3)
FN:60,(anonymous_4)
FNF:5
FNH:0
FNDA:0,(anonymous_0)
FNDA:0,(anonymous_1)
FNDA:0,(anonymous_2)
FNDA:0,(anonymous_3)
FNDA:0,(anonymous_4)
DA:7,0
DA:18,0
DA:24,0
DA:25,0
DA:34,0
DA:42,0
DA:50,0
DA:51,0
DA:61,0
DA:62,0
DA:68,0
DA:69,0
DA:73,0
DA:74,0
LF:14
LH:0
BRDA:7,0,0,0
BRDA:7,0,1,0
BRDA:7,1,0,0
BRDA:7,1,1,0
BRDA:10,2,0,0
BRDA:10,2,1,0
BRDA:10,2,2,0
BRDA:24,3,0,0
BRDA:24,3,1,0
BRDA:50,4,0,0
BRDA:50,4,1,0
BRDA:61,5,0,0
BRDA:61,5,1,0
BRDA:68,6,0,0
BRDA:68,6,1,0
BRDA:68,7,0,0
BRDA:68,7,1,0
BRDA:73,8,0,0
BRDA:73,8,1,0
BRF:19
BRH:0
end_of_record
